{"/surviving-data/code/color-hash/src/index.js":{"path":"/surviving-data/code/color-hash/src/index.js","s":{"1":2,"2":2,"3":4,"4":4,"5":12,"6":3,"7":12,"8":4,"9":2,"10":7,"11":7,"12":7,"13":7,"14":21,"15":1,"16":21,"17":4,"18":21,"19":5,"20":16,"21":7,"22":9,"23":1,"24":8,"25":21,"26":1,"27":78937,"28":2,"29":26314,"30":26314,"31":52628,"32":52628,"33":26314,"34":26314,"35":26314,"36":1,"37":26314,"38":25,"39":26314,"40":5,"41":26314,"42":24840,"43":26314,"44":2,"45":26316,"46":26316,"47":26316,"48":22720,"49":22720,"50":22720,"51":3596,"52":26316,"53":26316,"54":26316,"55":26316,"56":26316,"57":2,"58":2,"59":2,"60":2,"61":1,"62":1,"63":2},"b":{"1":[3,9],"2":[4,3],"3":[1,20],"4":[4,17],"5":[5,16],"6":[7,9],"7":[1,8],"8":[26314,1],"9":[52628,52624],"10":[52626,2],"11":[1,26313],"12":[25,26289],"13":[26314,26309],"14":[5,26309],"15":[110,24730],"16":[110,24730],"17":[26314,26313],"18":[22720,3596]},"f":{"1":4,"2":12,"3":7,"4":21,"5":78937,"6":26314,"7":52628,"8":24840,"9":26316,"10":2,"11":1},"fnMap":{"1":{"name":"(anonymous_1)","line":9,"loc":{"start":{"line":9,"column":14},"end":{"line":9,"column":34}}},"2":{"name":"(anonymous_2)","line":11,"loc":{"start":{"line":11,"column":19},"end":{"line":11,"column":36}}},"3":{"name":"(anonymous_3)","line":29,"loc":{"start":{"line":29,"column":14},"end":{"line":29,"column":33}}},"4":{"name":"(anonymous_4)","line":35,"loc":{"start":{"line":35,"column":39},"end":{"line":35,"column":56}}},"5":{"name":"isArray","line":55,"loc":{"start":{"line":55,"column":0},"end":{"line":55,"column":21}}},"6":{"name":"(anonymous_6)","line":64,"loc":{"start":{"line":64,"column":16},"end":{"line":64,"column":35}}},"7":{"name":"(anonymous_7)","line":67,"loc":{"start":{"line":67,"column":55},"end":{"line":67,"column":72}}},"8":{"name":"(anonymous_8)","line":84,"loc":{"start":{"line":84,"column":35},"end":{"line":84,"column":52}}},"9":{"name":"(anonymous_9)","line":101,"loc":{"start":{"line":101,"column":26},"end":{"line":101,"column":41}}},"10":{"name":"(anonymous_10)","line":127,"loc":{"start":{"line":127,"column":26},"end":{"line":127,"column":41}}},"11":{"name":"(anonymous_11)","line":138,"loc":{"start":{"line":138,"column":26},"end":{"line":138,"column":41}}}},"statementMap":{"1":{"start":{"line":1,"column":0},"end":{"line":1,"column":39}},"2":{"start":{"line":9,"column":0},"end":{"line":18,"column":1}},"3":{"start":{"line":10,"column":2},"end":{"line":10,"column":15}},"4":{"start":{"line":11,"column":2},"end":{"line":16,"column":4}},"5":{"start":{"line":12,"column":4},"end":{"line":14,"column":5}},"6":{"start":{"line":13,"column":6},"end":{"line":13,"column":14}},"7":{"start":{"line":15,"column":4},"end":{"line":15,"column":29}},"8":{"start":{"line":17,"column":2},"end":{"line":17,"column":12}},"9":{"start":{"line":29,"column":0},"end":{"line":53,"column":1}},"10":{"start":{"line":30,"column":2},"end":{"line":30,"column":10}},"11":{"start":{"line":32,"column":2},"end":{"line":32,"column":47}},"12":{"start":{"line":33,"column":2},"end":{"line":33,"column":19}},"13":{"start":{"line":35,"column":2},"end":{"line":52,"column":4}},"14":{"start":{"line":36,"column":4},"end":{"line":38,"column":5}},"15":{"start":{"line":37,"column":6},"end":{"line":37,"column":13}},"16":{"start":{"line":39,"column":4},"end":{"line":41,"column":5}},"17":{"start":{"line":40,"column":6},"end":{"line":40,"column":13}},"18":{"start":{"line":42,"column":4},"end":{"line":50,"column":5}},"19":{"start":{"line":43,"column":6},"end":{"line":43,"column":37}},"20":{"start":{"line":44,"column":11},"end":{"line":50,"column":5}},"21":{"start":{"line":45,"column":6},"end":{"line":45,"column":15}},"22":{"start":{"line":46,"column":11},"end":{"line":50,"column":5}},"23":{"start":{"line":47,"column":6},"end":{"line":47,"column":47}},"24":{"start":{"line":49,"column":6},"end":{"line":49,"column":15}},"25":{"start":{"line":51,"column":4},"end":{"line":51,"column":34}},"26":{"start":{"line":55,"column":0},"end":{"line":57,"column":1}},"27":{"start":{"line":56,"column":2},"end":{"line":56,"column":63}},"28":{"start":{"line":64,"column":0},"end":{"line":92,"column":1}},"29":{"start":{"line":65,"column":2},"end":{"line":65,"column":25}},"30":{"start":{"line":67,"column":2},"end":{"line":70,"column":4}},"31":{"start":{"line":68,"column":4},"end":{"line":68,"column":38}},"32":{"start":{"line":69,"column":4},"end":{"line":69,"column":52}},"33":{"start":{"line":72,"column":2},"end":{"line":72,"column":16}},"34":{"start":{"line":73,"column":2},"end":{"line":73,"column":16}},"35":{"start":{"line":75,"column":2},"end":{"line":77,"column":3}},"36":{"start":{"line":76,"column":4},"end":{"line":76,"column":54}},"37":{"start":{"line":78,"column":2},"end":{"line":80,"column":3}},"38":{"start":{"line":79,"column":4},"end":{"line":79,"column":31}},"39":{"start":{"line":81,"column":2},"end":{"line":83,"column":3}},"40":{"start":{"line":82,"column":4},"end":{"line":82,"column":20}},"41":{"start":{"line":84,"column":2},"end":{"line":89,"column":4}},"42":{"start":{"line":85,"column":4},"end":{"line":88,"column":5}},"43":{"start":{"line":91,"column":2},"end":{"line":91,"column":40}},"44":{"start":{"line":101,"column":0},"end":{"line":118,"column":1}},"45":{"start":{"line":102,"column":2},"end":{"line":102,"column":13}},"46":{"start":{"line":103,"column":2},"end":{"line":103,"column":27}},"47":{"start":{"line":105,"column":2},"end":{"line":111,"column":3}},"48":{"start":{"line":106,"column":4},"end":{"line":106,"column":60}},"49":{"start":{"line":107,"column":4},"end":{"line":107,"column":27}},"50":{"start":{"line":108,"column":4},"end":{"line":108,"column":110}},"51":{"start":{"line":110,"column":4},"end":{"line":110,"column":18}},"52":{"start":{"line":112,"column":2},"end":{"line":112,"column":29}},"53":{"start":{"line":113,"column":2},"end":{"line":113,"column":34}},"54":{"start":{"line":114,"column":2},"end":{"line":114,"column":39}},"55":{"start":{"line":115,"column":2},"end":{"line":115,"column":34}},"56":{"start":{"line":117,"column":2},"end":{"line":117,"column":18}},"57":{"start":{"line":127,"column":0},"end":{"line":130,"column":1}},"58":{"start":{"line":128,"column":2},"end":{"line":128,"column":25}},"59":{"start":{"line":129,"column":2},"end":{"line":129,"column":33}},"60":{"start":{"line":138,"column":0},"end":{"line":141,"column":1}},"61":{"start":{"line":139,"column":2},"end":{"line":139,"column":25}},"62":{"start":{"line":140,"column":2},"end":{"line":140,"column":21}},"63":{"start":{"line":143,"column":0},"end":{"line":143,"column":26}}},"branchMap":{"1":{"line":12,"type":"if","locations":[{"start":{"line":12,"column":4},"end":{"line":12,"column":4}},{"start":{"line":12,"column":4},"end":{"line":12,"column":4}}]},"2":{"line":32,"type":"cond-expr","locations":[{"start":{"line":32,"column":20},"end":{"line":32,"column":31}},{"start":{"line":32,"column":34},"end":{"line":32,"column":47}}]},"3":{"line":36,"type":"if","locations":[{"start":{"line":36,"column":4},"end":{"line":36,"column":4}},{"start":{"line":36,"column":4},"end":{"line":36,"column":4}}]},"4":{"line":39,"type":"if","locations":[{"start":{"line":39,"column":4},"end":{"line":39,"column":4}},{"start":{"line":39,"column":4},"end":{"line":39,"column":4}}]},"5":{"line":42,"type":"if","locations":[{"start":{"line":42,"column":4},"end":{"line":42,"column":4}},{"start":{"line":42,"column":4},"end":{"line":42,"column":4}}]},"6":{"line":44,"type":"if","locations":[{"start":{"line":44,"column":11},"end":{"line":44,"column":11}},{"start":{"line":44,"column":11},"end":{"line":44,"column":11}}]},"7":{"line":46,"type":"if","locations":[{"start":{"line":46,"column":11},"end":{"line":46,"column":11}},{"start":{"line":46,"column":11},"end":{"line":46,"column":11}}]},"8":{"line":65,"type":"binary-expr","locations":[{"start":{"line":65,"column":12},"end":{"line":65,"column":19}},{"start":{"line":65,"column":23},"end":{"line":65,"column":25}}]},"9":{"line":68,"type":"binary-expr","locations":[{"start":{"line":68,"column":12},"end":{"line":68,"column":17}},{"start":{"line":68,"column":21},"end":{"line":68,"column":38}}]},"10":{"line":69,"type":"cond-expr","locations":[{"start":{"line":69,"column":28},"end":{"line":69,"column":42}},{"start":{"line":69,"column":45},"end":{"line":69,"column":52}}]},"11":{"line":75,"type":"if","locations":[{"start":{"line":75,"column":2},"end":{"line":75,"column":2}},{"start":{"line":75,"column":2},"end":{"line":75,"column":2}}]},"12":{"line":78,"type":"if","locations":[{"start":{"line":78,"column":2},"end":{"line":78,"column":2}},{"start":{"line":78,"column":2},"end":{"line":78,"column":2}}]},"13":{"line":78,"type":"binary-expr","locations":[{"start":{"line":78,"column":6},"end":{"line":78,"column":37}},{"start":{"line":78,"column":41},"end":{"line":78,"column":62}}]},"14":{"line":81,"type":"if","locations":[{"start":{"line":81,"column":2},"end":{"line":81,"column":2}},{"start":{"line":81,"column":2},"end":{"line":81,"column":2}}]},"15":{"line":86,"type":"cond-expr","locations":[{"start":{"line":86,"column":46},"end":{"line":86,"column":47}},{"start":{"line":86,"column":50},"end":{"line":86,"column":59}}]},"16":{"line":87,"type":"cond-expr","locations":[{"start":{"line":87,"column":46},"end":{"line":87,"column":49}},{"start":{"line":87,"column":52},"end":{"line":87,"column":61}}]},"17":{"line":91,"type":"binary-expr","locations":[{"start":{"line":91,"column":14},"end":{"line":91,"column":26}},{"start":{"line":91,"column":30},"end":{"line":91,"column":40}}]},"18":{"line":105,"type":"if","locations":[{"start":{"line":105,"column":2},"end":{"line":105,"column":2}},{"start":{"line":105,"column":2},"end":{"line":105,"column":2}}]}}}}